e:\vsot\console\x64\debug\vc143.pdb
e:\vsot\console\x64\debug\vc143.idb
e:\vsot\console\x64\debug\uses.obj
e:\vsot\console\x64\debug\unordered.obj
e:\vsot\console\x64\debug\wordtrie.obj
e:\vsot\console\x64\debug\template.obj
e:\vsot\console\x64\debug\someio.obj
e:\vsot\console\x64\debug\repeat.obj
e:\vsot\console\x64\debug\_io.obj
e:\vsot\topencv\x64\debug\console.exe
e:\vsot\topencv\x64\debug\console.pdb
e:\vsot\console\x64\debug\console.ilk
e:\vsot\console\x64\debug\console.tlog\cl.command.1.tlog
e:\vsot\console\x64\debug\console.tlog\cl.items.tlog
e:\vsot\console\x64\debug\console.tlog\cl.read.1.tlog
e:\vsot\console\x64\debug\console.tlog\cl.write.1.tlog
e:\vsot\console\x64\debug\console.tlog\link.14016-cvtres.read.1.tlog
e:\vsot\console\x64\debug\console.tlog\link.14016-cvtres.write.1.tlog
e:\vsot\console\x64\debug\console.tlog\link.14016-rc.read.1.tlog
e:\vsot\console\x64\debug\console.tlog\link.14016-rc.write.1.tlog
e:\vsot\console\x64\debug\console.tlog\link.14016.read.1.tlog
e:\vsot\console\x64\debug\console.tlog\link.14016.read.2.tlog
e:\vsot\console\x64\debug\console.tlog\link.14016.write.1.tlog
e:\vsot\console\x64\debug\console.tlog\link.command.1.tlog
e:\vsot\console\x64\debug\console.tlog\link.read.1.tlog
e:\vsot\console\x64\debug\console.tlog\link.secondary.1.tlog
e:\vsot\console\x64\debug\console.tlog\link.write.1.tlog
